2015-10-13 23:34:41.505  INFO 13783 --- [main] de.ajit.logging.Application              : Starting Application on ajit-ubuntu with PID 13783 (/home/ajit/projects/rnd-spring-boot-logging/target/classes started by ajit in /home/ajit/projects/rnd-spring-boot-logging)
2015-10-13 23:34:41.513 DEBUG 13783 --- [main] o.s.boot.SpringApplication               : Loading source class de.ajit.logging.Application
2015-10-13 23:34:41.599 DEBUG 13783 --- [main] o.s.b.c.c.ConfigFileApplicationListener  : Skipped config file 'file:./config/application.xml' resource not found
2015-10-13 23:34:41.600 DEBUG 13783 --- [main] o.s.b.c.c.ConfigFileApplicationListener  : Skipped config file 'file:./config/application.yml' resource not found
2015-10-13 23:34:41.602 DEBUG 13783 --- [main] o.s.b.c.c.ConfigFileApplicationListener  : Skipped config file 'file:./config/application.properties' resource not found
2015-10-13 23:34:41.602 DEBUG 13783 --- [main] o.s.b.c.c.ConfigFileApplicationListener  : Skipped config file 'file:./config/application.yaml' resource not found
2015-10-13 23:34:41.603 DEBUG 13783 --- [main] o.s.b.c.c.ConfigFileApplicationListener  : Skipped config file 'file:./application.xml' resource not found
2015-10-13 23:34:41.603 DEBUG 13783 --- [main] o.s.b.c.c.ConfigFileApplicationListener  : Skipped config file 'file:./application.yml' resource not found
2015-10-13 23:34:41.604 DEBUG 13783 --- [main] o.s.b.c.c.ConfigFileApplicationListener  : Skipped config file 'file:./application.properties' resource not found
2015-10-13 23:34:41.604 DEBUG 13783 --- [main] o.s.b.c.c.ConfigFileApplicationListener  : Skipped config file 'file:./application.yaml' resource not found
2015-10-13 23:34:41.604 DEBUG 13783 --- [main] o.s.b.c.c.ConfigFileApplicationListener  : Skipped config file 'classpath:/config/application.xml' resource not found
2015-10-13 23:34:41.605 DEBUG 13783 --- [main] o.s.b.c.c.ConfigFileApplicationListener  : Skipped config file 'classpath:/config/application.yml' resource not found
2015-10-13 23:34:41.605 DEBUG 13783 --- [main] o.s.b.c.c.ConfigFileApplicationListener  : Skipped config file 'classpath:/config/application.properties' resource not found
2015-10-13 23:34:41.605 DEBUG 13783 --- [main] o.s.b.c.c.ConfigFileApplicationListener  : Skipped config file 'classpath:/config/application.yaml' resource not found
2015-10-13 23:34:41.606 DEBUG 13783 --- [main] o.s.b.c.c.ConfigFileApplicationListener  : Skipped config file 'classpath:/application.xml' resource not found
2015-10-13 23:34:41.606 DEBUG 13783 --- [main] o.s.b.c.c.ConfigFileApplicationListener  : Loaded config file 'classpath:/application.yml'
2015-10-13 23:34:41.607 DEBUG 13783 --- [main] o.s.b.c.c.ConfigFileApplicationListener  : Skipped config file 'classpath:/application.properties' resource not found
2015-10-13 23:34:41.607 DEBUG 13783 --- [main] o.s.b.c.c.ConfigFileApplicationListener  : Skipped config file 'classpath:/application.yaml' resource not found
2015-10-13 23:34:41.617  INFO 13783 --- [main] ationConfigEmbeddedWebApplicationContext : Refreshing org.springframework.boot.context.embedded.AnnotationConfigEmbeddedWebApplicationContext@437da279: startup date [Tue Oct 13 23:34:41 CEST 2015]; root of context hierarchy
2015-10-13 23:34:41.624 DEBUG 13783 --- [main] ationConfigEmbeddedWebApplicationContext : Bean factory for org.springframework.boot.context.embedded.AnnotationConfigEmbeddedWebApplicationContext@437da279: org.springframework.beans.factory.support.DefaultListableBeanFactory@642a7222: defining beans [org.springframework.context.annotation.internalConfigurationAnnotationProcessor,org.springframework.context.annotation.internalAutowiredAnnotationProcessor,org.springframework.context.annotation.internalRequiredAnnotationProcessor,org.springframework.context.annotation.internalCommonAnnotationProcessor,application]; root of factory hierarchy
2015-10-13 23:34:43.164  INFO 13783 --- [main] o.s.b.f.s.DefaultListableBeanFactory     : Overriding bean definition for bean 'beanNameViewResolver': replacing [Root bean: class [null]; scope=; abstract=false; lazyInit=false; autowireMode=3; dependencyCheck=0; autowireCandidate=true; primary=false; factoryBeanName=org.springframework.boot.autoconfigure.web.ErrorMvcAutoConfiguration$WhitelabelErrorViewConfiguration; factoryMethodName=beanNameViewResolver; initMethodName=null; destroyMethodName=(inferred); defined in class path resource [org/springframework/boot/autoconfigure/web/ErrorMvcAutoConfiguration$WhitelabelErrorViewConfiguration.class]] with [Root bean: class [null]; scope=; abstract=false; lazyInit=false; autowireMode=3; dependencyCheck=0; autowireCandidate=true; primary=false; factoryBeanName=org.springframework.boot.autoconfigure.web.WebMvcAutoConfiguration$WebMvcAutoConfigurationAdapter; factoryMethodName=beanNameViewResolver; initMethodName=null; destroyMethodName=(inferred); defined in class path resource [org/springframework/boot/autoconfigure/web/WebMvcAutoConfiguration$WebMvcAutoConfigurationAdapter.class]]
2015-10-13 23:34:44.204 DEBUG 13783 --- [main] ationConfigEmbeddedWebApplicationContext : Unable to locate MessageSource with name 'messageSource': using default [org.springframework.context.support.DelegatingMessageSource@783ec989]
2015-10-13 23:34:44.205 DEBUG 13783 --- [main] ationConfigEmbeddedWebApplicationContext : Using ApplicationEventMulticaster [org.springframework.context.event.SimpleApplicationEventMulticaster@1ddd3478]
2015-10-13 23:34:44.807 DEBUG 13783 --- [main] .t.TomcatEmbeddedServletContainerFactory : Code archive: /home/ajit/.m2/repository/org/springframework/boot/spring-boot/1.2.6.RELEASE/spring-boot-1.2.6.RELEASE.jar
2015-10-13 23:34:44.807 DEBUG 13783 --- [main] .t.TomcatEmbeddedServletContainerFactory : Code archive: /home/ajit/.m2/repository/org/springframework/boot/spring-boot/1.2.6.RELEASE/spring-boot-1.2.6.RELEASE.jar
2015-10-13 23:34:44.808 DEBUG 13783 --- [main] .t.TomcatEmbeddedServletContainerFactory : None of the document roots [src/main/webapp, public, static] point to a directory and will be ignored.
2015-10-13 23:34:44.889  INFO 13783 --- [main] s.b.c.e.t.TomcatEmbeddedServletContainer : Tomcat initialized with port(s): 8080 (http)
2015-10-13 23:34:45.371  INFO 13783 --- [main] o.apache.catalina.core.StandardService   : Starting service Tomcat
2015-10-13 23:34:45.373  INFO 13783 --- [main] org.apache.catalina.core.StandardEngine  : Starting Servlet Engine: Apache Tomcat/8.0.26
2015-10-13 23:34:45.734  INFO 13783 --- [localhost-startStop-1] o.a.c.c.C.[Tomcat].[localhost].[/]       : Initializing Spring embedded WebApplicationContext
2015-10-13 23:34:45.735  INFO 13783 --- [localhost-startStop-1] o.s.web.context.ContextLoader            : Root WebApplicationContext: initialization completed in 4126 ms
2015-10-13 23:34:45.932 DEBUG 13783 --- [localhost-startStop-1] o.s.b.c.e.ServletContextInitializerBeans : Added existing Servlet initializer bean 'dispatcherServletRegistration'; order=2147483647, resource=class path resource [org/springframework/boot/autoconfigure/web/DispatcherServletAutoConfiguration$DispatcherServletConfiguration.class]
2015-10-13 23:34:46.108 DEBUG 13783 --- [localhost-startStop-1] o.s.b.c.e.ServletContextInitializerBeans : Created Filter initializer for bean 'characterEncodingFilter'; order=-2147483648, resource=class path resource [org/springframework/boot/autoconfigure/web/HttpEncodingAutoConfiguration.class]
2015-10-13 23:34:46.108 DEBUG 13783 --- [localhost-startStop-1] o.s.b.c.e.ServletContextInitializerBeans : Created Filter initializer for bean 'hiddenHttpMethodFilter'; order=-2147483638, resource=class path resource [org/springframework/boot/autoconfigure/web/WebMvcAutoConfiguration.class]
2015-10-13 23:34:47.799 DEBUG 13783 --- [localhost-startStop-1] o.s.b.c.e.ServletContextInitializerBeans : Created EventListener initializer for bean 'requestContextListener'; order=2147483647, resource=class path resource [org/springframework/boot/autoconfigure/web/WebMvcAutoConfiguration$WebMvcAutoConfigurationAdapter.class]
2015-10-13 23:34:47.799  INFO 13783 --- [localhost-startStop-1] o.s.b.c.e.ServletRegistrationBean        : Mapping servlet: 'dispatcherServlet' to [/]
2015-10-13 23:34:47.807  INFO 13783 --- [localhost-startStop-1] o.s.b.c.embedded.FilterRegistrationBean  : Mapping filter: 'characterEncodingFilter' to: [/*]
2015-10-13 23:34:47.808  INFO 13783 --- [localhost-startStop-1] o.s.b.c.embedded.FilterRegistrationBean  : Mapping filter: 'hiddenHttpMethodFilter' to: [/*]
2015-10-13 23:34:47.864 DEBUG 13783 --- [localhost-startStop-1] o.s.b.c.w.OrderedHiddenHttpMethodFilter  : Initializing filter 'hiddenHttpMethodFilter'
2015-10-13 23:34:47.865 DEBUG 13783 --- [localhost-startStop-1] o.s.b.c.w.OrderedHiddenHttpMethodFilter  : Filter 'hiddenHttpMethodFilter' configured successfully
2015-10-13 23:34:47.866 DEBUG 13783 --- [localhost-startStop-1] o.s.b.c.w.OrderedCharacterEncodingFilter : Initializing filter 'characterEncodingFilter'
2015-10-13 23:34:47.867 DEBUG 13783 --- [localhost-startStop-1] o.s.b.c.w.OrderedCharacterEncodingFilter : Filter 'characterEncodingFilter' configured successfully
2015-10-13 23:34:47.921 ERROR 13783 --- [main] de.ajit.logging.Application              : Sample Trace Message e
2015-10-13 23:34:48.149  INFO 13783 --- [main] o.s.b.f.config.PropertiesFactoryBean     : Loading properties file from class path resource [rest-default-messages.properties]
2015-10-13 23:34:48.351  INFO 13783 --- [main] s.w.s.m.m.a.RequestMappingHandlerAdapter : Looking for @ControllerAdvice: org.springframework.boot.context.embedded.AnnotationConfigEmbeddedWebApplicationContext@437da279: startup date [Tue Oct 13 23:34:41 CEST 2015]; root of context hierarchy
2015-10-13 23:34:48.478  INFO 13783 --- [main] s.w.s.m.m.a.RequestMappingHandlerMapping : Mapped "{[/error],produces=[text/html]}" onto public org.springframework.web.servlet.ModelAndView org.springframework.boot.autoconfigure.web.BasicErrorController.errorHtml(javax.servlet.http.HttpServletRequest)
2015-10-13 23:34:48.479  INFO 13783 --- [main] s.w.s.m.m.a.RequestMappingHandlerMapping : Mapped "{[/error]}" onto public org.springframework.http.ResponseEntity<java.util.Map<java.lang.String, java.lang.Object>> org.springframework.boot.autoconfigure.web.BasicErrorController.error(javax.servlet.http.HttpServletRequest)
2015-10-13 23:34:48.528  INFO 13783 --- [main] o.s.w.s.handler.SimpleUrlHandlerMapping  : Mapped URL path [/webjars/**] onto handler of type [class org.springframework.web.servlet.resource.ResourceHttpRequestHandler]
2015-10-13 23:34:48.529  INFO 13783 --- [main] o.s.w.s.handler.SimpleUrlHandlerMapping  : Mapped URL path [/**] onto handler of type [class org.springframework.web.servlet.resource.ResourceHttpRequestHandler]
2015-10-13 23:34:48.613  INFO 13783 --- [main] o.s.w.s.handler.SimpleUrlHandlerMapping  : Mapped URL path [/**/favicon.ico] onto handler of type [class org.springframework.web.servlet.resource.ResourceHttpRequestHandler]
2015-10-13 23:34:48.804  INFO 13783 --- [main] o.s.d.r.w.RepositoryRestHandlerAdapter   : Looking for @ControllerAdvice: org.springframework.boot.context.embedded.AnnotationConfigEmbeddedWebApplicationContext@437da279: startup date [Tue Oct 13 23:34:41 CEST 2015]; root of context hierarchy
2015-10-13 23:34:48.852  INFO 13783 --- [main] o.s.d.r.w.RepositoryRestHandlerMapping   : Mapped "{[/{repository}],methods=[OPTIONS]}" onto public org.springframework.http.ResponseEntity<?> org.springframework.data.rest.webmvc.RepositoryEntityController.optionsForCollectionResource(org.springframework.data.rest.webmvc.RootResourceInformation)
2015-10-13 23:34:48.854  INFO 13783 --- [main] o.s.d.r.w.RepositoryRestHandlerMapping   : Mapped "{[/{repository}],methods=[HEAD]}" onto public org.springframework.http.ResponseEntity<?> org.springframework.data.rest.webmvc.RepositoryEntityController.headCollectionResource(org.springframework.data.rest.webmvc.RootResourceInformation) throws org.springframework.web.HttpRequestMethodNotSupportedException
2015-10-13 23:34:48.855  INFO 13783 --- [main] o.s.d.r.w.RepositoryRestHandlerMapping   : Mapped "{[/{repository}],methods=[GET]}" onto public org.springframework.hateoas.Resources<?> org.springframework.data.rest.webmvc.RepositoryEntityController.getCollectionResource(org.springframework.data.rest.webmvc.RootResourceInformation,org.springframework.data.rest.webmvc.support.DefaultedPageable,org.springframework.data.domain.Sort,org.springframework.data.rest.webmvc.PersistentEntityResourceAssembler) throws org.springframework.data.rest.webmvc.ResourceNotFoundException,org.springframework.web.HttpRequestMethodNotSupportedException
2015-10-13 23:34:48.856  INFO 13783 --- [main] o.s.d.r.w.RepositoryRestHandlerMapping   : Mapped "{[/{repository}],methods=[GET],produces=[application/x-spring-data-compact+json || text/uri-list]}" onto public org.springframework.hateoas.Resources<?> org.springframework.data.rest.webmvc.RepositoryEntityController.getCollectionResourceCompact(org.springframework.data.rest.webmvc.RootResourceInformation,org.springframework.data.rest.webmvc.support.DefaultedPageable,org.springframework.data.domain.Sort,org.springframework.data.rest.webmvc.PersistentEntityResourceAssembler) throws org.springframework.data.rest.webmvc.ResourceNotFoundException,org.springframework.web.HttpRequestMethodNotSupportedException
2015-10-13 23:34:48.857  INFO 13783 --- [main] o.s.d.r.w.RepositoryRestHandlerMapping   : Mapped "{[/{repository}],methods=[POST]}" onto public org.springframework.http.ResponseEntity<org.springframework.hateoas.ResourceSupport> org.springframework.data.rest.webmvc.RepositoryEntityController.postCollectionResource(org.springframework.data.rest.webmvc.RootResourceInformation,org.springframework.data.rest.webmvc.PersistentEntityResource,org.springframework.data.rest.webmvc.PersistentEntityResourceAssembler) throws org.springframework.web.HttpRequestMethodNotSupportedException
2015-10-13 23:34:48.858  INFO 13783 --- [main] o.s.d.r.w.RepositoryRestHandlerMapping   : Mapped "{[/{repository}/{id}],methods=[OPTIONS]}" onto public org.springframework.http.ResponseEntity<?> org.springframework.data.rest.webmvc.RepositoryEntityController.optionsForItemResource(org.springframework.data.rest.webmvc.RootResourceInformation)
2015-10-13 23:34:48.858  INFO 13783 --- [main] o.s.d.r.w.RepositoryRestHandlerMapping   : Mapped "{[/{repository}/{id}],methods=[HEAD]}" onto public org.springframework.http.ResponseEntity<?> org.springframework.data.rest.webmvc.RepositoryEntityController.headForItemResource(org.springframework.data.rest.webmvc.RootResourceInformation,java.io.Serializable) throws org.springframework.web.HttpRequestMethodNotSupportedException
2015-10-13 23:34:48.859  INFO 13783 --- [main] o.s.d.r.w.RepositoryRestHandlerMapping   : Mapped "{[/{repository}/{id}],methods=[GET]}" onto public org.springframework.http.ResponseEntity<org.springframework.hateoas.Resource<?>> org.springframework.data.rest.webmvc.RepositoryEntityController.getItemResource(org.springframework.data.rest.webmvc.RootResourceInformation,java.io.Serializable,org.springframework.data.rest.webmvc.PersistentEntityResourceAssembler) throws org.springframework.web.HttpRequestMethodNotSupportedException
2015-10-13 23:34:48.859  INFO 13783 --- [main] o.s.d.r.w.RepositoryRestHandlerMapping   : Mapped "{[/{repository}/{id}],methods=[PUT]}" onto public org.springframework.http.ResponseEntity<? extends org.springframework.hateoas.ResourceSupport> org.springframework.data.rest.webmvc.RepositoryEntityController.putItemResource(org.springframework.data.rest.webmvc.RootResourceInformation,org.springframework.data.rest.webmvc.PersistentEntityResource,java.io.Serializable,org.springframework.data.rest.webmvc.PersistentEntityResourceAssembler) throws org.springframework.web.HttpRequestMethodNotSupportedException
2015-10-13 23:34:48.860  INFO 13783 --- [main] o.s.d.r.w.RepositoryRestHandlerMapping   : Mapped "{[/{repository}/{id}],methods=[PATCH]}" onto public org.springframework.http.ResponseEntity<org.springframework.hateoas.ResourceSupport> org.springframework.data.rest.webmvc.RepositoryEntityController.patchItemResource(org.springframework.data.rest.webmvc.RootResourceInformation,org.springframework.data.rest.webmvc.PersistentEntityResource,java.io.Serializable,org.springframework.data.rest.webmvc.PersistentEntityResourceAssembler) throws org.springframework.web.HttpRequestMethodNotSupportedException,org.springframework.data.rest.webmvc.ResourceNotFoundException
2015-10-13 23:34:48.860  INFO 13783 --- [main] o.s.d.r.w.RepositoryRestHandlerMapping   : Mapped "{[/{repository}/{id}],methods=[DELETE]}" onto public org.springframework.http.ResponseEntity<?> org.springframework.data.rest.webmvc.RepositoryEntityController.deleteItemResource(org.springframework.data.rest.webmvc.RootResourceInformation,java.io.Serializable) throws org.springframework.data.rest.webmvc.ResourceNotFoundException,org.springframework.web.HttpRequestMethodNotSupportedException
2015-10-13 23:34:48.862  INFO 13783 --- [main] o.s.d.r.w.RepositoryRestHandlerMapping   : Mapped "{[/],methods=[GET]}" onto public org.springframework.http.HttpEntity<org.springframework.data.rest.webmvc.RepositoryLinksResource> org.springframework.data.rest.webmvc.RepositoryController.listRepositories()
2015-10-13 23:34:48.862  INFO 13783 --- [main] o.s.d.r.w.RepositoryRestHandlerMapping   : Mapped "{[/],methods=[OPTIONS]}" onto public org.springframework.http.HttpEntity<?> org.springframework.data.rest.webmvc.RepositoryController.optionsForRepositories()
2015-10-13 23:34:48.863  INFO 13783 --- [main] o.s.d.r.w.RepositoryRestHandlerMapping   : Mapped "{[/],methods=[HEAD]}" onto public org.springframework.http.ResponseEntity<?> org.springframework.data.rest.webmvc.RepositoryController.headForRepositories()
2015-10-13 23:34:48.868  INFO 13783 --- [main] o.s.d.r.w.RepositoryRestHandlerMapping   : Mapped "{[/{repository}/{id}/{property}],methods=[GET],produces=[application/x-spring-data-compact+json || text/uri-list]}" onto public org.springframework.http.ResponseEntity<org.springframework.hateoas.ResourceSupport> org.springframework.data.rest.webmvc.RepositoryPropertyReferenceController.followPropertyReferenceCompact(org.springframework.data.rest.webmvc.RootResourceInformation,java.io.Serializable,java.lang.String,org.springframework.data.rest.webmvc.PersistentEntityResourceAssembler) throws java.lang.Exception
2015-10-13 23:34:48.868  INFO 13783 --- [main] o.s.d.r.w.RepositoryRestHandlerMapping   : Mapped "{[/{repository}/{id}/{property}],methods=[PATCH || PUT],consumes=[application/json || application/x-spring-data-compact+json || text/uri-list]}" onto public org.springframework.http.ResponseEntity<? extends org.springframework.hateoas.ResourceSupport> org.springframework.data.rest.webmvc.RepositoryPropertyReferenceController.createPropertyReference(org.springframework.data.rest.webmvc.RootResourceInformation,org.springframework.http.HttpMethod,org.springframework.hateoas.Resources<java.lang.Object>,java.io.Serializable,java.lang.String) throws java.lang.Exception
2015-10-13 23:34:48.869  INFO 13783 --- [main] o.s.d.r.w.RepositoryRestHandlerMapping   : Mapped "{[/{repository}/{id}/{property}/{propertyId}],methods=[DELETE]}" onto public org.springframework.http.ResponseEntity<org.springframework.hateoas.ResourceSupport> org.springframework.data.rest.webmvc.RepositoryPropertyReferenceController.deletePropertyReferenceId(org.springframework.data.rest.webmvc.RootResourceInformation,java.io.Serializable,java.lang.String,java.lang.String) throws java.lang.Exception
2015-10-13 23:34:48.869  INFO 13783 --- [main] o.s.d.r.w.RepositoryRestHandlerMapping   : Mapped "{[/{repository}/{id}/{property}],methods=[DELETE]}" onto public org.springframework.http.ResponseEntity<? extends org.springframework.hateoas.ResourceSupport> org.springframework.data.rest.webmvc.RepositoryPropertyReferenceController.deletePropertyReference(org.springframework.data.rest.webmvc.RootResourceInformation,java.io.Serializable,java.lang.String) throws java.lang.Exception
2015-10-13 23:34:48.870  INFO 13783 --- [main] o.s.d.r.w.RepositoryRestHandlerMapping   : Mapped "{[/{repository}/{id}/{property}],methods=[GET]}" onto public org.springframework.http.ResponseEntity<org.springframework.hateoas.ResourceSupport> org.springframework.data.rest.webmvc.RepositoryPropertyReferenceController.followPropertyReference(org.springframework.data.rest.webmvc.RootResourceInformation,java.io.Serializable,java.lang.String,org.springframework.data.rest.webmvc.PersistentEntityResourceAssembler) throws java.lang.Exception
2015-10-13 23:34:48.870  INFO 13783 --- [main] o.s.d.r.w.RepositoryRestHandlerMapping   : Mapped "{[/{repository}/{id}/{property}/{propertyId}],methods=[GET]}" onto public org.springframework.http.ResponseEntity<org.springframework.hateoas.ResourceSupport> org.springframework.data.rest.webmvc.RepositoryPropertyReferenceController.followPropertyReference(org.springframework.data.rest.webmvc.RootResourceInformation,java.io.Serializable,java.lang.String,java.lang.String,org.springframework.data.rest.webmvc.PersistentEntityResourceAssembler) throws java.lang.Exception
2015-10-13 23:34:48.871  INFO 13783 --- [main] o.s.d.r.w.RepositoryRestHandlerMapping   : Mapped "{[/{repository}/schema],methods=[GET],produces=[application/schema+json]}" onto public org.springframework.http.HttpEntity<org.springframework.data.rest.webmvc.json.JsonSchema> org.springframework.data.rest.webmvc.RepositorySchemaController.schema(org.springframework.data.rest.webmvc.RootResourceInformation)
2015-10-13 23:34:48.874  INFO 13783 --- [main] o.s.d.r.w.RepositoryRestHandlerMapping   : Mapped "{[/{repository}/search/{search}],methods=[OPTIONS]}" onto public org.springframework.http.ResponseEntity<java.lang.Object> org.springframework.data.rest.webmvc.RepositorySearchController.optionsForSearch(org.springframework.data.rest.webmvc.RootResourceInformation,java.lang.String)
2015-10-13 23:34:48.874  INFO 13783 --- [main] o.s.d.r.w.RepositoryRestHandlerMapping   : Mapped "{[/{repository}/search/{search}],methods=[HEAD]}" onto public org.springframework.http.ResponseEntity<java.lang.Object> org.springframework.data.rest.webmvc.RepositorySearchController.headForSearch(org.springframework.data.rest.webmvc.RootResourceInformation,java.lang.String)
2015-10-13 23:34:48.875  INFO 13783 --- [main] o.s.d.r.w.RepositoryRestHandlerMapping   : Mapped "{[/{repository}/search],methods=[HEAD]}" onto public org.springframework.http.HttpEntity<?> org.springframework.data.rest.webmvc.RepositorySearchController.headForSearches(org.springframework.data.rest.webmvc.RootResourceInformation)
2015-10-13 23:34:48.875  INFO 13783 --- [main] o.s.d.r.w.RepositoryRestHandlerMapping   : Mapped "{[/{repository}/search],methods=[GET]}" onto public org.springframework.hateoas.ResourceSupport org.springframework.data.rest.webmvc.RepositorySearchController.listSearches(org.springframework.data.rest.webmvc.RootResourceInformation)
2015-10-13 23:34:48.876  INFO 13783 --- [main] o.s.d.r.w.RepositoryRestHandlerMapping   : Mapped "{[/{repository}/search/{search}],methods=[GET]}" onto public org.springframework.http.ResponseEntity<java.lang.Object> org.springframework.data.rest.webmvc.RepositorySearchController.executeSearch(org.springframework.data.rest.webmvc.RootResourceInformation,org.springframework.web.context.request.WebRequest,java.lang.String,org.springframework.data.rest.webmvc.support.DefaultedPageable,org.springframework.data.domain.Sort,org.springframework.data.rest.webmvc.PersistentEntityResourceAssembler)
2015-10-13 23:34:48.876  INFO 13783 --- [main] o.s.d.r.w.RepositoryRestHandlerMapping   : Mapped "{[/{repository}/search],methods=[OPTIONS]}" onto public org.springframework.http.HttpEntity<?> org.springframework.data.rest.webmvc.RepositorySearchController.optionsForSearches(org.springframework.data.rest.webmvc.RootResourceInformation)
2015-10-13 23:34:48.877  INFO 13783 --- [main] o.s.d.r.w.RepositoryRestHandlerMapping   : Mapped "{[/{repository}/search/{search}],methods=[GET],produces=[application/x-spring-data-compact+json]}" onto public org.springframework.hateoas.ResourceSupport org.springframework.data.rest.webmvc.RepositorySearchController.executeSearchCompact(org.springframework.data.rest.webmvc.RootResourceInformation,org.springframework.web.context.request.WebRequest,java.lang.String,java.lang.String,org.springframework.data.rest.webmvc.support.DefaultedPageable,org.springframework.data.domain.Sort,org.springframework.data.rest.webmvc.PersistentEntityResourceAssembler)
2015-10-13 23:34:48.892  INFO 13783 --- [main] o.s.d.r.w.BaseUriAwareHandlerMapping     : Mapped "{[/alps/{repository}],methods=[GET]}" onto org.springframework.http.HttpEntity<org.springframework.data.rest.webmvc.RootResourceInformation> org.springframework.data.rest.webmvc.alps.AlpsController.descriptor(org.springframework.data.rest.webmvc.RootResourceInformation)
2015-10-13 23:34:48.893  INFO 13783 --- [main] o.s.d.r.w.BaseUriAwareHandlerMapping     : Mapped "{[/alps || /alps/{repository}],methods=[OPTIONS]}" onto org.springframework.http.HttpEntity<?> org.springframework.data.rest.webmvc.alps.AlpsController.alpsOptions()
2015-10-13 23:34:48.893  INFO 13783 --- [main] o.s.d.r.w.BaseUriAwareHandlerMapping     : Mapped "{[/alps],methods=[GET]}" onto org.springframework.http.HttpEntity<org.springframework.hateoas.alps.Alps> org.springframework.data.rest.webmvc.alps.AlpsController.alps()
2015-10-13 23:34:49.041  INFO 13783 --- [main] o.s.j.e.a.AnnotationMBeanExporter        : Registering beans for JMX exposure on startup
2015-10-13 23:34:49.052 DEBUG 13783 --- [main] ationConfigEmbeddedWebApplicationContext : Unable to locate LifecycleProcessor with name 'lifecycleProcessor': using default [org.springframework.context.support.DefaultLifecycleProcessor@4b97c4ad]
2015-10-13 23:34:49.063 DEBUG 13783 --- [main] utoConfigurationReportLoggingInitializer : 


=========================
AUTO-CONFIGURATION REPORT
=========================


Positive matches:
-----------------

   DispatcherServletAutoConfiguration
      - @ConditionalOnClass classes found: org.springframework.web.servlet.DispatcherServlet (OnClassCondition)
      - found web application StandardServletEnvironment (OnWebApplicationCondition)

   DispatcherServletAutoConfiguration.DispatcherServletConfiguration
      - @ConditionalOnClass classes found: javax.servlet.ServletRegistration (OnClassCondition)
      - no ServletRegistrationBean found (DispatcherServletAutoConfiguration.DefaultDispatcherServletCondition)

   EmbeddedServletContainerAutoConfiguration
      - found web application StandardServletEnvironment (OnWebApplicationCondition)

   EmbeddedServletContainerAutoConfiguration.EmbeddedTomcat
      - @ConditionalOnClass classes found: javax.servlet.Servlet,org.apache.catalina.startup.Tomcat (OnClassCondition)
      - @ConditionalOnMissingBean (types: org.springframework.boot.context.embedded.EmbeddedServletContainerFactory; SearchStrategy: current) found no beans (OnBeanCondition)

   ErrorMvcAutoConfiguration
      - @ConditionalOnClass classes found: javax.servlet.Servlet,org.springframework.web.servlet.DispatcherServlet (OnClassCondition)
      - found web application StandardServletEnvironment (OnWebApplicationCondition)

   ErrorMvcAutoConfiguration#basicErrorController
      - @ConditionalOnMissingBean (types: org.springframework.boot.autoconfigure.web.ErrorController; SearchStrategy: current) found no beans (OnBeanCondition)

   ErrorMvcAutoConfiguration#errorAttributes
      - @ConditionalOnMissingBean (types: org.springframework.boot.autoconfigure.web.ErrorAttributes; SearchStrategy: current) found no beans (OnBeanCondition)

   ErrorMvcAutoConfiguration.WhitelabelErrorViewConfiguration
      - No error template view detected (ErrorMvcAutoConfiguration.ErrorTemplateMissingCondition)
      - matched (OnPropertyCondition)

   ErrorMvcAutoConfiguration.WhitelabelErrorViewConfiguration#beanNameViewResolver
      - @ConditionalOnMissingBean (types: org.springframework.web.servlet.view.BeanNameViewResolver; SearchStrategy: all) found no beans (OnBeanCondition)

   ErrorMvcAutoConfiguration.WhitelabelErrorViewConfiguration#defaultErrorView
      - @ConditionalOnMissingBean (names: error; SearchStrategy: all) found no beans (OnBeanCondition)

   HttpEncodingAutoConfiguration
      - @ConditionalOnClass classes found: org.springframework.web.filter.CharacterEncodingFilter (OnClassCondition)
      - matched (OnPropertyCondition)

   HttpEncodingAutoConfiguration#characterEncodingFilter
      - @ConditionalOnMissingBean (types: org.springframework.web.filter.CharacterEncodingFilter; SearchStrategy: all) found no beans (OnBeanCondition)

   HttpMessageConvertersAutoConfiguration
      - @ConditionalOnClass classes found: org.springframework.http.converter.HttpMessageConverter (OnClassCondition)

   HttpMessageConvertersAutoConfiguration#messageConverters
      - @ConditionalOnMissingBean (types: org.springframework.boot.autoconfigure.web.HttpMessageConverters; SearchStrategy: all) found no beans (OnBeanCondition)

   HttpMessageConvertersAutoConfiguration.StringHttpMessageConverterConfiguration
      - @ConditionalOnClass classes found: org.springframework.http.converter.StringHttpMessageConverter (OnClassCondition)

   HttpMessageConvertersAutoConfiguration.StringHttpMessageConverterConfiguration#stringHttpMessageConverter
      - @ConditionalOnMissingBean (types: org.springframework.http.converter.StringHttpMessageConverter; SearchStrategy: all) found no beans (OnBeanCondition)

   HypermediaAutoConfiguration
      - @ConditionalOnClass classes found: org.springframework.hateoas.Resource,org.springframework.web.bind.annotation.RequestMapping,org.springframework.plugin.core.Plugin (OnClassCondition)
      - found web application StandardServletEnvironment (OnWebApplicationCondition)

   JacksonAutoConfiguration
      - @ConditionalOnClass classes found: com.fasterxml.jackson.databind.ObjectMapper (OnClassCondition)

   JacksonAutoConfiguration.JacksonObjectMapperBuilderConfiguration
      - @ConditionalOnClass classes found: com.fasterxml.jackson.databind.ObjectMapper,org.springframework.http.converter.json.Jackson2ObjectMapperBuilder (OnClassCondition)

   JacksonAutoConfiguration.JacksonObjectMapperBuilderConfiguration#jacksonObjectMapperBuilder
      - @ConditionalOnMissingBean (types: org.springframework.http.converter.json.Jackson2ObjectMapperBuilder; SearchStrategy: all) found no beans (OnBeanCondition)

   JacksonAutoConfiguration.JacksonObjectMapperConfiguration
      - @ConditionalOnClass classes found: com.fasterxml.jackson.databind.ObjectMapper,org.springframework.http.converter.json.Jackson2ObjectMapperBuilder (OnClassCondition)

   JacksonAutoConfiguration.JacksonObjectMapperConfiguration#jacksonObjectMapper
      - @ConditionalOnMissingBean (types: com.fasterxml.jackson.databind.ObjectMapper; SearchStrategy: all) found no beans (OnBeanCondition)

   JacksonHttpMessageConvertersConfiguration.MappingJackson2HttpMessageConverterConfiguration
      - @ConditionalOnClass classes found: com.fasterxml.jackson.databind.ObjectMapper (OnClassCondition)
      - matched (OnPropertyCondition)
      - @ConditionalOnBean (types: com.fasterxml.jackson.databind.ObjectMapper; SearchStrategy: all) found the following [jacksonObjectMapper] (OnBeanCondition)

   JacksonHttpMessageConvertersConfiguration.MappingJackson2HttpMessageConverterConfiguration#mappingJackson2HttpMessageConverter
      - @ConditionalOnMissingBean (types: org.springframework.http.converter.json.MappingJackson2HttpMessageConverter; SearchStrategy: all) found no beans (OnBeanCondition)

   JmxAutoConfiguration
      - @ConditionalOnClass classes found: org.springframework.jmx.export.MBeanExporter (OnClassCondition)
      - matched (OnPropertyCondition)

   JmxAutoConfiguration#mbeanExporter
      - @ConditionalOnMissingBean (types: org.springframework.jmx.export.MBeanExporter; SearchStrategy: current) found no beans (OnBeanCondition)

   JmxAutoConfiguration#mbeanServer
      - @ConditionalOnMissingBean (types: javax.management.MBeanServer; SearchStrategy: all) found no beans (OnBeanCondition)

   JmxAutoConfiguration#objectNamingStrategy
      - @ConditionalOnMissingBean (types: org.springframework.jmx.export.naming.ObjectNamingStrategy; SearchStrategy: current) found no beans (OnBeanCondition)

   MultipartAutoConfiguration
      - @ConditionalOnClass classes found: javax.servlet.Servlet,org.springframework.web.multipart.support.StandardServletMultipartResolver,javax.servlet.MultipartConfigElement (OnClassCondition)
      - matched (OnPropertyCondition)

   MultipartAutoConfiguration#multipartConfigElement
      - @ConditionalOnMissingBean (types: javax.servlet.MultipartConfigElement; SearchStrategy: all) found no beans (OnBeanCondition)

   MultipartAutoConfiguration#multipartResolver
      - @ConditionalOnMissingBean (types: org.springframework.web.multipart.MultipartResolver; SearchStrategy: all) found no beans (OnBeanCondition)

   PersistenceExceptionTranslationAutoConfiguration
      - @ConditionalOnClass classes found: org.springframework.dao.annotation.PersistenceExceptionTranslationPostProcessor (OnClassCondition)

   PersistenceExceptionTranslationAutoConfiguration#persistenceExceptionTranslationPostProcessor
      - @ConditionalOnMissingBean (types: org.springframework.dao.annotation.PersistenceExceptionTranslationPostProcessor; SearchStrategy: all) found no beans (OnBeanCondition)
      - matched (OnPropertyCondition)

   PropertyPlaceholderAutoConfiguration#propertySourcesPlaceholderConfigurer
      - @ConditionalOnMissingBean (types: org.springframework.context.support.PropertySourcesPlaceholderConfigurer; SearchStrategy: current) found no beans (OnBeanCondition)

   RepositoryRestMvcAutoConfiguration
      - @ConditionalOnClass classes found: org.springframework.data.rest.webmvc.config.RepositoryRestMvcConfiguration (OnClassCondition)
      - found web application StandardServletEnvironment (OnWebApplicationCondition)
      - @ConditionalOnMissingBean (types: org.springframework.data.rest.webmvc.config.RepositoryRestMvcConfiguration; SearchStrategy: all) found no beans (OnBeanCondition)

   ServerPropertiesAutoConfiguration
      - found web application StandardServletEnvironment (OnWebApplicationCondition)

   ServerPropertiesAutoConfiguration#serverProperties
      - @ConditionalOnMissingBean (types: org.springframework.boot.autoconfigure.web.ServerProperties; SearchStrategy: current) found no beans (OnBeanCondition)

   WebMvcAutoConfiguration
      - @ConditionalOnClass classes found: javax.servlet.Servlet,org.springframework.web.servlet.DispatcherServlet,org.springframework.web.servlet.config.annotation.WebMvcConfigurerAdapter (OnClassCondition)
      - found web application StandardServletEnvironment (OnWebApplicationCondition)
      - @ConditionalOnMissingBean (types: org.springframework.web.servlet.config.annotation.WebMvcConfigurationSupport; SearchStrategy: all) found no beans (OnBeanCondition)

   WebMvcAutoConfiguration#hiddenHttpMethodFilter
      - @ConditionalOnMissingBean (types: org.springframework.web.filter.HiddenHttpMethodFilter; SearchStrategy: all) found no beans (OnBeanCondition)

   WebMvcAutoConfiguration.WebMvcAutoConfigurationAdapter#beanNameViewResolver
      - @ConditionalOnBean (types: org.springframework.web.servlet.View; SearchStrategy: all) found the following [error] (OnBeanCondition)

   WebMvcAutoConfiguration.WebMvcAutoConfigurationAdapter#defaultViewResolver
      - @ConditionalOnMissingBean (types: org.springframework.web.servlet.view.InternalResourceViewResolver; SearchStrategy: all) found no beans (OnBeanCondition)

   WebMvcAutoConfiguration.WebMvcAutoConfigurationAdapter#requestContextListener
      - @ConditionalOnMissingBean (types: org.springframework.web.context.request.RequestContextListener; SearchStrategy: all) found no beans (OnBeanCondition)

   WebMvcAutoConfiguration.WebMvcAutoConfigurationAdapter#viewResolver
      - @ConditionalOnBean (types: org.springframework.web.servlet.ViewResolver; SearchStrategy: all) found the following [defaultViewResolver, beanNameViewResolver, mvcViewResolver] @ConditionalOnMissingBean (names: viewResolver; types: org.springframework.web.servlet.view.ContentNegotiatingViewResolver; SearchStrategy: all) found no beans (OnBeanCondition)

   WebMvcAutoConfiguration.WebMvcAutoConfigurationAdapter.FaviconConfiguration
      - matched (OnPropertyCondition)

   WebSocketAutoConfiguration
      - @ConditionalOnClass classes found: javax.servlet.Servlet,javax.websocket.server.ServerContainer (OnClassCondition)

   WebSocketAutoConfiguration.TomcatWebSocketConfiguration
      - @ConditionalOnClass classes found: org.apache.catalina.startup.Tomcat,org.apache.tomcat.websocket.server.WsSci (OnClassCondition)

   WebSocketAutoConfiguration.TomcatWebSocketConfiguration#websocketContainerCustomizer
      - @ConditionalOnMissingBean (names: websocketContainerCustomizer; SearchStrategy: all) found no beans (OnBeanCondition)


Negative matches:
-----------------

   ActiveMQAutoConfiguration
      - required @ConditionalOnClass classes not found: javax.jms.ConnectionFactory,org.apache.activemq.ActiveMQConnectionFactory (OnClassCondition)

   AopAutoConfiguration
      - required @ConditionalOnClass classes not found: org.aspectj.lang.annotation.Aspect,org.aspectj.lang.reflect.Advice (OnClassCondition)

   BatchAutoConfiguration
      - required @ConditionalOnClass classes not found: org.springframework.batch.core.launch.JobLauncher,org.springframework.jdbc.core.JdbcOperations (OnClassCondition)

   CloudAutoConfiguration
      - required @ConditionalOnClass classes not found: org.springframework.cloud.config.java.CloudScanConfiguration (OnClassCondition)

   DataSourceAutoConfiguration
      - required @ConditionalOnClass classes not found: org.springframework.jdbc.datasource.embedded.EmbeddedDatabaseType (OnClassCondition)

   DataSourceTransactionManagerAutoConfiguration
      - required @ConditionalOnClass classes not found: org.springframework.jdbc.core.JdbcTemplate (OnClassCondition)

   DeviceDelegatingViewResolverAutoConfiguration
      - required @ConditionalOnClass classes not found: org.springframework.mobile.device.view.LiteDeviceDelegatingViewResolver (OnClassCondition)

   DeviceResolverAutoConfiguration
      - required @ConditionalOnClass classes not found: org.springframework.mobile.device.DeviceResolverHandlerInterceptor,org.springframework.mobile.device.DeviceHandlerMethodArgumentResolver (OnClassCondition)

   DispatcherServletAutoConfiguration.DispatcherServletConfiguration#multipartResolver
      - @ConditionalOnBean (types: org.springframework.web.multipart.MultipartResolver; SearchStrategy: all) found no beans (OnBeanCondition)

   ElasticsearchAutoConfiguration
      - required @ConditionalOnClass classes not found: org.elasticsearch.client.Client,org.springframework.data.elasticsearch.client.TransportClientFactoryBean,org.springframework.data.elasticsearch.client.NodeClientFactoryBean (OnClassCondition)

   ElasticsearchDataAutoConfiguration
      - required @ConditionalOnClass classes not found: org.elasticsearch.client.Client,org.springframework.data.elasticsearch.core.ElasticsearchTemplate (OnClassCondition)

   ElasticsearchRepositoriesAutoConfiguration
      - required @ConditionalOnClass classes not found: org.elasticsearch.client.Client,org.springframework.data.elasticsearch.repository.ElasticsearchRepository (OnClassCondition)

   EmbeddedServletContainerAutoConfiguration.EmbeddedJetty
      - required @ConditionalOnClass classes not found: org.eclipse.jetty.server.Server,org.eclipse.jetty.util.Loader (OnClassCondition)

   EmbeddedServletContainerAutoConfiguration.EmbeddedUndertow
      - required @ConditionalOnClass classes not found: io.undertow.Undertow,org.xnio.SslClientAuthMode (OnClassCondition)

   FacebookAutoConfiguration
      - required @ConditionalOnClass classes not found: org.springframework.social.config.annotation.SocialConfigurerAdapter,org.springframework.social.facebook.connect.FacebookConnectionFactory (OnClassCondition)

   FallbackWebSecurityAutoConfiguration
      - required @ConditionalOnClass classes not found: org.springframework.security.config.annotation.web.configuration.EnableWebSecurity (OnClassCondition)

   FlywayAutoConfiguration
      - required @ConditionalOnClass classes not found: org.flywaydb.core.Flyway (OnClassCondition)

   FreeMarkerAutoConfiguration
      - required @ConditionalOnClass classes not found: freemarker.template.Configuration,org.springframework.ui.freemarker.FreeMarkerConfigurationFactory (OnClassCondition)

   GroovyTemplateAutoConfiguration
      - required @ConditionalOnClass classes not found: groovy.text.markup.MarkupTemplateEngine (OnClassCondition)

   GsonAutoConfiguration
      - required @ConditionalOnClass classes not found: com.google.gson.Gson (OnClassCondition)

   GsonHttpMessageConvertersConfiguration
      - required @ConditionalOnClass classes not found: com.google.gson.Gson (OnClassCondition)

   GzipFilterAutoConfiguration
      - required @ConditionalOnClass classes not found: org.eclipse.jetty.servlets.GzipFilter (OnClassCondition)

   HibernateJpaAutoConfiguration
      - required @ConditionalOnClass classes not found: org.springframework.orm.jpa.LocalContainerEntityManagerFactoryBean,javax.persistence.EntityManager (OnClassCondition)

   HornetQAutoConfiguration
      - required @ConditionalOnClass classes not found: javax.jms.ConnectionFactory,org.hornetq.api.jms.HornetQJMSClient (OnClassCondition)

   HypermediaAutoConfiguration.EntityLinksConfiguration
      - @ConditionalOnMissingBean (types: org.springframework.hateoas.EntityLinks; SearchStrategy: all) found the following [controllerEntityLinks, delegatingEntityLinks, entityLinks] (OnBeanCondition)

   HypermediaAutoConfiguration.HypermediaConfiguration
      - @ConditionalOnMissingBean (types: org.springframework.hateoas.LinkDiscoverers; SearchStrategy: all) found the following [org.springframework.hateoas.LinkDiscoverers#0] (OnBeanCondition)

   HypermediaAutoConfiguration.HypermediaConfiguration.HalObjectMapperConfiguration
      - @ConditionalOnClass classes found: org.springframework.http.converter.json.Jackson2ObjectMapperBuilder,com.fasterxml.jackson.databind.ObjectMapper (OnClassCondition)
      - Ancestor 'org.springframework.boot.autoconfigure.hateoas.HypermediaAutoConfiguration$HypermediaConfiguration' did not match (ConditionEvaluationReport.AncestorsMatchedCondition)

   IntegrationAutoConfiguration
      - required @ConditionalOnClass classes not found: org.springframework.integration.config.EnableIntegration (OnClassCondition)

   JacksonAutoConfiguration.JodaDateTimeJacksonConfiguration
      - required @ConditionalOnClass classes not found: org.joda.time.DateTime,com.fasterxml.jackson.datatype.joda.ser.DateTimeSerializer,com.fasterxml.jackson.datatype.joda.ser.JacksonJodaFormat (OnClassCondition)

   JacksonHttpMessageConvertersConfiguration.MappingJackson2XmlHttpMessageConverterConfiguration
      - required @ConditionalOnClass classes not found: com.fasterxml.jackson.dataformat.xml.XmlMapper (OnClassCondition)

   JerseyAutoConfiguration
      - required @ConditionalOnClass classes not found: org.glassfish.jersey.server.spring.SpringComponentProvider (OnClassCondition)

   JmsAutoConfiguration
      - required @ConditionalOnClass classes not found: org.springframework.jms.core.JmsTemplate (OnClassCondition)

   JndiConnectionFactoryAutoConfiguration
      - required @ConditionalOnClass classes not found: org.springframework.jms.core.JmsTemplate (OnClassCondition)

   JndiDataSourceAutoConfiguration
      - required @ConditionalOnClass classes not found: org.springframework.jdbc.datasource.embedded.EmbeddedDatabaseType (OnClassCondition)

   JpaRepositoriesAutoConfiguration
      - required @ConditionalOnClass classes not found: org.springframework.data.jpa.repository.JpaRepository (OnClassCondition)

   JtaAutoConfiguration
      - required @ConditionalOnClass classes not found: javax.transaction.Transaction (OnClassCondition)

   LinkedInAutoConfiguration
      - required @ConditionalOnClass classes not found: org.springframework.social.config.annotation.SocialConfigurerAdapter,org.springframework.social.linkedin.connect.LinkedInConnectionFactory (OnClassCondition)

   LiquibaseAutoConfiguration
      - required @ConditionalOnClass classes not found: liquibase.integration.spring.SpringLiquibase (OnClassCondition)

   MailSenderAutoConfiguration
      - required @ConditionalOnClass classes not found: javax.mail.internet.MimeMessage (OnClassCondition)

   MessageSourceAutoConfiguration
      - No bundle found for spring.messages.basename: messages (MessageSourceAutoConfiguration.ResourceBundleCondition)

   MongoAutoConfiguration
      - required @ConditionalOnClass classes not found: com.mongodb.Mongo (OnClassCondition)

   MongoDataAutoConfiguration
      - required @ConditionalOnClass classes not found: com.mongodb.Mongo,org.springframework.data.mongodb.core.MongoTemplate (OnClassCondition)

   MongoRepositoriesAutoConfiguration
      - required @ConditionalOnClass classes not found: com.mongodb.Mongo,org.springframework.data.mongodb.repository.MongoRepository (OnClassCondition)

   MustacheAutoConfiguration
      - required @ConditionalOnClass classes not found: com.samskivert.mustache.Mustache (OnClassCondition)

   RabbitAutoConfiguration
      - required @ConditionalOnClass classes not found: org.springframework.amqp.rabbit.core.RabbitTemplate,com.rabbitmq.client.Channel (OnClassCondition)

   ReactorAutoConfiguration
      - required @ConditionalOnClass classes not found: reactor.spring.context.config.EnableReactor,reactor.core.Environment (OnClassCondition)

   RedisAutoConfiguration
      - required @ConditionalOnClass classes not found: org.springframework.data.redis.connection.jedis.JedisConnection,org.springframework.data.redis.core.RedisOperations,redis.clients.jedis.Jedis (OnClassCondition)

   SecurityAutoConfiguration
      - required @ConditionalOnClass classes not found: org.springframework.security.authentication.AuthenticationManager,org.springframework.security.config.annotation.authentication.configurers.GlobalAuthenticationConfigurerAdapter (OnClassCondition)

   SitePreferenceAutoConfiguration
      - required @ConditionalOnClass classes not found: org.springframework.mobile.device.site.SitePreferenceHandlerInterceptor,org.springframework.mobile.device.site.SitePreferenceHandlerMethodArgumentResolver (OnClassCondition)

   SocialWebAutoConfiguration
      - required @ConditionalOnClass classes not found: org.springframework.social.connect.web.ConnectController,org.springframework.social.config.annotation.SocialConfigurerAdapter (OnClassCondition)

   SolrAutoConfiguration
      - required @ConditionalOnClass classes not found: org.apache.solr.client.solrj.impl.HttpSolrServer,org.apache.solr.client.solrj.impl.CloudSolrServer (OnClassCondition)

   SolrRepositoriesAutoConfiguration
      - required @ConditionalOnClass classes not found: org.apache.solr.client.solrj.SolrServer,org.springframework.data.solr.repository.SolrRepository (OnClassCondition)

   SpringDataWebAutoConfiguration
      - @ConditionalOnClass classes found: org.springframework.data.web.PageableHandlerMethodArgumentResolver,org.springframework.web.servlet.config.annotation.WebMvcConfigurerAdapter (OnClassCondition)
      - found web application StandardServletEnvironment (OnWebApplicationCondition)
      - @ConditionalOnMissingBean (types: org.springframework.data.web.PageableHandlerMethodArgumentResolver; SearchStrategy: all) found the following [pageableResolver] (OnBeanCondition)

   ThymeleafAutoConfiguration
      - required @ConditionalOnClass classes not found: org.thymeleaf.spring4.SpringTemplateEngine (OnClassCondition)

   TwitterAutoConfiguration
      - required @ConditionalOnClass classes not found: org.springframework.social.config.annotation.SocialConfigurerAdapter,org.springframework.social.twitter.connect.TwitterConnectionFactory (OnClassCondition)

   VelocityAutoConfiguration
      - required @ConditionalOnClass classes not found: org.apache.velocity.app.VelocityEngine,org.springframework.ui.velocity.VelocityEngineFactory (OnClassCondition)

   WebMvcAutoConfiguration.WebMvcAutoConfigurationAdapter#dateFormatter
      - @ConditionalOnProperty missing required properties spring.mvc.date-format  (OnPropertyCondition)

   WebMvcAutoConfiguration.WebMvcAutoConfigurationAdapter#localeResolver
      - @ConditionalOnMissingBean (types: org.springframework.web.servlet.LocaleResolver; SearchStrategy: all) found no beans (OnBeanCondition)
      - @ConditionalOnProperty missing required properties spring.mvc.locale  (OnPropertyCondition)

   WebSocketAutoConfiguration.JettyWebSocketConfiguration
      - required @ConditionalOnClass classes not found: org.eclipse.jetty.websocket.jsr356.server.deploy.WebSocketServerContainerInitializer (OnClassCondition)

   WebSocketAutoConfiguration.UndertowWebSocketConfiguration
      - required @ConditionalOnClass classes not found: io.undertow.websockets.jsr.Bootstrap (OnClassCondition)

   XADataSourceAutoConfiguration
      - required @ConditionalOnClass classes not found: javax.transaction.TransactionManager,org.springframework.jdbc.datasource.embedded.EmbeddedDatabaseType (OnClassCondition)



2015-10-13 23:34:49.189  INFO 13783 --- [main] s.b.c.e.t.TomcatEmbeddedServletContainer : Tomcat started on port(s): 8080 (http)
2015-10-13 23:34:49.195  INFO 13783 --- [main] de.ajit.logging.Application              : Started Application in 8.324 seconds (JVM running for 9.107)
2015-10-13 23:35:49.399  INFO 13783 --- [Thread-1] ationConfigEmbeddedWebApplicationContext : Closing org.springframework.boot.context.embedded.AnnotationConfigEmbeddedWebApplicationContext@437da279: startup date [Tue Oct 13 23:34:41 CEST 2015]; root of context hierarchy
2015-10-13 23:35:49.402  INFO 13783 --- [Thread-1] o.s.j.e.a.AnnotationMBeanExporter        : Unregistering JMX-exposed beans on shutdown
